2024.11.21 13:09:49 a70wo-vist-YnlchD86 a05wo-sesn-YnljHJ4d
2024.11.21 13:09:49 a70wo-vist-YnlchD86 a05wo-sesn-YnljW64d
2024.11.21 13:09:49 a70wo-vist-YnlchD86 a05wo-sesn-Ynlj1J4d
2024.11.21 13:12:10 a70wo-vist-YnlchD86 null
2024.11.21 13:12:16 a70wo-vist-YnlchD86 null
2024.11.21 13:12:17 a70wo-vist-YnlchD86 null
2024.11.21 13:12:18 a70wo-vist-YnlchD86 null
2024.11.21 13:12:18 a70wo-vist-YnlchD86 null
2024.11.21 13:12:18 a70wo-vist-YnlchD86 null
2024.11.21 13:12:18 a70wo-vist-YnlchD86 null
2024.11.21 13:12:19 a70wo-vist-YnlchD86 null
2024.11.21 13:17:22 a70wo-vist-YnlchD86 null
2024.11.21 13:17:29 a70wo-vist-YnlchD86 null
2024.11.21 13:18:02 a70wo-vist-YnlchD86 null
2024.11.21 13:20:32 a70wo-vist-YnlchD86 a54wo-sesn-Ynlu5S4d
2024.11.21 13:20:35 a70wo-vist-YnlchD86 a54wo-sesn-Ynlu5S4d
2024.11.21 13:20:37 a70wo-vist-YnlchD86 a54wo-sesn-Ynlu5S4d
2024.11.21 13:20:38 a70wo-vist-YnlchD86 a54wo-sesn-Ynlu5S4d
2024.11.21 13:20:38 a70wo-vist-YnlchD86 a54wo-sesn-Ynlu5S4d
2024.11.21 13:20:38 a70wo-vist-YnlchD86 a54wo-sesn-Ynlu5S4d
2024.11.21 13:20:38 a70wo-vist-YnlchD86 a54wo-sesn-Ynlu5S4d
2024.11.21 13:20:43 a70wo-vist-YnlchD86 a54wo-sesn-Ynlu5S4d
2024.11.21 13:20:44 a70wo-vist-YnlchD86 a54wo-sesn-Ynlu5S4d
2024.11.21 13:20:44 a70wo-vist-YnlchD86 a54wo-sesn-Ynlu5S4d
2024.11.21 13:20:44 a70wo-vist-YnlchD86 a54wo-sesn-Ynlu5S4d
2024.11.21 13:20:44 a70wo-vist-YnlchD86 a54wo-sesn-Ynlu5S4d
2024.11.21 13:20:45 a70wo-vist-YnlchD86 a54wo-sesn-Ynlu5S4d
2024.11.21 13:20:45 a70wo-vist-YnlchD86 a54wo-sesn-Ynlu5S4d
2024.11.21 13:20:45 a70wo-vist-YnlchD86 a54wo-sesn-Ynlu5S4d
2024.11.21 13:20:45 a70wo-vist-YnlchD86 a54wo-sesn-Ynlu5S4d
2024.11.21 13:20:45 a70wo-vist-YnlchD86 a54wo-sesn-Ynlu5S4d
2024.11.21 13:20:46 a70wo-vist-YnlchD86 a54wo-sesn-Ynlu5S4d
2024.11.21 13:20:46 a70wo-vist-YnlchD86 a54wo-sesn-Ynlu5S4d
2024.11.21 13:20:46 a70wo-vist-YnlchD86 a54wo-sesn-Ynlu5S4d
2024.11.21 13:20:46 a70wo-vist-YnlchD86 a54wo-sesn-Ynlu5S4d
2024.11.21 13:20:46 a70wo-vist-YnlchD86 a54wo-sesn-Ynlu5S4d
2024.11.21 13:20:47 a70wo-vist-YnlchD86 a54wo-sesn-Ynlu5S4d
2024.11.21 13:20:48 a70wo-vist-YnlchD86 a54wo-sesn-Ynlu5S4d
2024.11.21 13:20:48 a70wo-vist-YnlchD86 a54wo-sesn-Ynlu5S4d
2024.11.21 13:20:53 a70wo-vist-YnlchD86 a70wo-sesn-Ynlch4d5
2024.11.21 13:20:56 a70wo-vist-YnlchD86 a70wo-sesn-Ynlch4d5
2024.11.21 13:20:59 a70wo-vist-YnlchD86 a70wo-sesn-Ynlch4d5
2024.11.21 13:22:04 a70wo-vist-YnlchD86 a70wo-sesn-Ynlch4d5
2024.11.21 13:22:06 a70wo-vist-YnlchD86 a70wo-sesn-Ynlch4d5
2024.11.21 13:22:06 a70wo-vist-YnlchD86 a70wo-sesn-Ynlch4d5
2024.11.21 13:22:06 a70wo-vist-YnlchD86 a70wo-sesn-Ynlch4d5
2024.11.21 13:22:07 a70wo-vist-YnlchD86 a70wo-sesn-Ynlch4d5
2024.11.21 13:22:09 a70wo-vist-YnlchD86 a70wo-sesn-Ynlch4d5
2024.11.21 13:22:09 a70wo-vist-YnlchD86 a70wo-sesn-Ynlch4d5
2024.11.21 13:22:10 a70wo-vist-YnlchD86 a70wo-sesn-Ynlch4d5
2024.11.21 13:22:10 a70wo-vist-YnlchD86 a70wo-sesn-Ynlch4d5
2024.11.21 13:22:11 a70wo-vist-YnlchD86 a70wo-sesn-Ynlch4d5
2024.11.21 13:22:11 a70wo-vist-YnlchD86 a70wo-sesn-Ynlch4d5
2024.11.21 13:22:12 a70wo-vist-YnlchD86 a70wo-sesn-Ynlch4d5
2024.11.21 13:22:12 a70wo-vist-YnlchD86 a70wo-sesn-Ynlch4d5
2024.11.21 13:22:13 a70wo-vist-YnlchD86 a70wo-sesn-Ynlch4d5
2024.11.21 13:22:13 a70wo-vist-YnlchD86 a70wo-sesn-Ynlch4d5
2024.11.21 13:22:14 a70wo-vist-YnlchD86 a70wo-sesn-Ynlch4d5
2024.11.21 13:22:14 a70wo-vist-YnlchD86 a70wo-sesn-Ynlch4d5
2024.11.21 13:22:15 a70wo-vist-YnlchD86 a70wo-sesn-Ynlch4d5
2024.11.21 13:22:15 a70wo-vist-YnlchD86 a70wo-sesn-Ynlch4d5
2024.11.21 13:22:15 a70wo-vist-YnlchD86 a70wo-sesn-Ynlch4d5
2024.11.21 13:22:15 a70wo-vist-YnlchD86 a70wo-sesn-Ynlch4d5
2024.11.21 13:22:16 a70wo-vist-YnlchD86 a70wo-sesn-Ynlch4d5
2024.11.21 13:22:16 a70wo-vist-YnlchD86 a70wo-sesn-Ynlch4d5
2024.11.21 13:22:16 a70wo-vist-YnlchD86 a70wo-sesn-Ynlch4d5
2024.11.21 13:22:16 a70wo-vist-YnlchD86 a70wo-sesn-Ynlch4d5
2024.11.21 13:22:17 a70wo-vist-YnlchD86 a70wo-sesn-Ynlch4d5
2024.11.21 13:22:17 a70wo-vist-YnlchD86 a70wo-sesn-Ynlch4d5
2024.11.21 13:22:19 a70wo-vist-YnlchD86 null
2024.11.21 13:22:20 a70wo-vist-YnlchD86 null
2024.11.21 13:22:20 a70wo-vist-YnlchD86 null
2024.11.21 13:22:21 a70wo-vist-YnlchD86 null
2024.11.21 13:22:21 a70wo-vist-YnlchD86 null
2024.11.21 13:22:21 a70wo-vist-YnlchD86 null
2024.11.21 13:22:21 a70wo-vist-YnlchD86 null
2024.11.21 13:22:21 a70wo-vist-YnlchD86 null
2024.11.21 13:22:23 a70wo-vist-YnlchD86 a70wo-sesn-Ynlch4d5
2024.11.21 13:22:23 a70wo-vist-YnlchD86 a70wo-sesn-Ynlch4d5
2024.11.21 13:22:24 a70wo-vist-YnlchD86 a70wo-sesn-Ynlch4d5
2024.11.21 13:22:24 a70wo-vist-YnlchD86 a70wo-sesn-Ynlch4d5
2024.11.21 13:22:30 a70wo-vist-YnlchD86 null
2024.11.21 13:22:31 a70wo-vist-YnlchD86 null
2024.11.21 13:22:31 a70wo-vist-YnlchD86 null
2024.11.21 13:22:32 a70wo-vist-YnlchD86 null
2024.11.21 13:22:32 a70wo-vist-YnlchD86 null
2024.11.21 13:22:40 a70wo-vist-YnlchD86 null
2024.11.21 13:22:40 a70wo-vist-YnlchD86 null
2024.11.21 13:22:40 a70wo-vist-YnlchD86 null
2024.11.21 13:24:25 a70wo-vist-YnlchD86 null
2024.11.21 13:24:27 a70wo-vist-YnlchD86 null
2024.11.21 13:24:27 a70wo-vist-YnlchD86 null
2024.11.21 13:24:28 a70wo-vist-YnlchD86 null
2024.11.21 13:24:52 a70wo-vist-YnlchD86 null
2024.11.21 13:25:25 a70wo-vist-YnlchD86 null
2024.11.21 13:25:26 a70wo-vist-YnlchD86 null
2024.11.21 13:25:48 a70wo-vist-YnlchD86 a73wo-sesn-Ynlz5F4d
2024.11.21 13:26:05 a70wo-vist-YnlchD86 a73wo-sesn-Ynlz5F4d
2024.11.21 13:26:09 a70wo-vist-YnlchD86 null
2024.11.21 13:26:14 a70wo-vist-YnlchD86 a70wo-sesn-Ynlch4d5
2024.11.21 13:26:15 a70wo-vist-YnlchD86 a70wo-sesn-Ynlch4d5
2024.11.21 13:26:20 a70wo-vist-YnlchD86 a70wo-sesn-Ynlch4d5
2024.11.21 13:26:33 a70wo-vist-YnlchD86 a70wo-sesn-Ynlch4d5
2024.11.21 13:26:43 a70wo-vist-YnlchD86 a70wo-sesn-Ynlch4d5
2024.11.21 13:26:44 a70wo-vist-YnlchD86 a70wo-sesn-Ynlch4d5
2024.11.21 13:26:47 a70wo-vist-YnlchD86 a70wo-sesn-Ynlch4d5
2024.11.21 13:27:10 a70wo-vist-YnlchD86 a70wo-sesn-Ynlch4d5
2024.11.21 13:27:11 a70wo-vist-YnlchD86 a70wo-sesn-Ynlch4d5
2024.11.21 13:27:21 a70wo-vist-YnlchD86 a70wo-sesn-Ynlch4d5
2024.11.21 13:28:43 a70wo-vist-YnlchD86 a50wo-sesn-YnlCVr4d
2024.11.21 13:28:48 a70wo-vist-YnlchD86 a50wo-sesn-YnlCVr4d
